2023-11-30 22:20:03,170 [INFO]: 子线程 通知网站更新 开始运行！
2023-11-30 22:20:03,170 [INFO]: 子线程 五育系统更新 开始运行！
2023-11-30 22:20:03,170 [INFO]: 子线程 发送即时邮件 开始运行！
2023-11-30 22:20:03,171 [INFO]: 子线程 发送五育邮件 开始运行！
2023-11-30 22:20:03,292 [ERROR]: 五育系统更新出错：登录失败！
2023-11-30 22:20:03,293 [INFO]: 子线程 五育系统更新 已停止运行！
2023-11-30 22:20:03,475 [INFO]: 通知网站更新完成！
2023-11-30 22:20:04,050 [INFO]: 发送五育邮件完成！
2023-11-30 22:20:05,057 [INFO]: 发送即时邮件完成！
2023-11-30 22:20:14,057 [INFO]: 子线程 发送五育邮件 已停止运行！
2023-11-30 22:20:14,061 [INFO]: 子线程 发送即时邮件 已停止运行！
2023-11-30 22:20:14,480 [INFO]: 子线程 通知网站更新 已停止运行！
2023-11-30 22:20:18,958 [INFO]: 子线程 微信公众号更新 开始运行！
2023-11-30 22:20:18,958 [INFO]: 子线程 通知网站更新 开始运行！
2023-11-30 22:20:18,959 [INFO]: 子线程 五育系统更新 开始运行！
2023-11-30 22:20:18,960 [INFO]: 子线程 发送即时邮件 开始运行！
2023-11-30 22:20:18,960 [INFO]: 子线程 发送五育邮件 开始运行！
2023-11-30 22:20:19,080 [ERROR]: 五育系统更新出错：登录失败！
2023-11-30 22:20:19,081 [INFO]: 子线程 五育系统更新 已停止运行！
2023-11-30 22:20:19,243 [INFO]: 通知网站更新完成！
2023-11-30 22:20:19,837 [INFO]: 发送五育邮件完成！
2023-11-30 22:20:22,860 [INFO]: 发送即时邮件完成！
2023-11-30 22:20:32,847 [INFO]: 子线程 发送五育邮件 已停止运行！
2023-11-30 22:20:32,864 [INFO]: 子线程 发送即时邮件 已停止运行！
2023-11-30 22:20:33,276 [INFO]: 子线程 通知网站更新 已停止运行！
2023-11-30 22:20:40,091 [ERROR]: 微信公众号更新出错：登录失败！
2023-11-30 22:20:40,091 [INFO]: 子线程 微信公众号更新 已停止运行！
2023-11-30 22:21:01,060 [INFO]: 子线程 微信公众号更新 开始运行！
2023-11-30 22:21:01,061 [INFO]: 子线程 通知网站更新 开始运行！
2023-11-30 22:21:01,061 [INFO]: 子线程 五育系统更新 开始运行！
2023-11-30 22:21:01,062 [INFO]: 子线程 发送即时邮件 开始运行！
2023-11-30 22:21:01,062 [INFO]: 子线程 发送五育邮件 开始运行！
2023-11-30 22:21:01,183 [ERROR]: 五育系统更新出错：登录失败！
2023-11-30 22:21:01,184 [INFO]: 子线程 五育系统更新 已停止运行！
2023-11-30 22:21:01,728 [INFO]: 通知网站更新完成！
2023-11-30 22:21:04,999 [INFO]: 发送即时邮件完成！
2023-11-30 22:21:22,101 [ERROR]: 微信公众号更新出错：登录失败！
2023-11-30 22:21:22,101 [INFO]: 子线程 微信公众号更新 已停止运行！
2023-11-30 22:21:22,794 [INFO]: 发送五育邮件完成！
2023-11-30 22:22:02,758 [INFO]: 子线程 通知网站更新 已停止运行！
2023-11-30 22:22:02,825 [INFO]: 子线程 发送五育邮件 已停止运行！
2023-11-30 22:22:03,023 [INFO]: 子线程 发送即时邮件 已停止运行！
