2023-11-30 22:20:03,174 [INFO]: 参数设置成功！
2023-11-30 22:20:18,966 [INFO]: 参数设置成功！
2023-11-30 22:21:01,064 [INFO]: 参数设置成功！
2023-11-30 22:40:31,159 [INFO]: 参数设置成功！
2023-11-30 22:41:15,246 [INFO]: 参数设置成功！
2023-11-30 22:41:15,446 [INFO]: 活跃保持已开启
2023-11-30 22:41:15,572 [INFO]: 保持活跃中！
2023-11-30 22:41:36,582 [INFO]: 活跃保持已关闭
2023-12-01 16:06:55,375 [INFO]: 登录成功！
2023-12-01 16:06:55,376 [INFO]: 活跃保持已开启
2023-12-01 16:06:55,709 [INFO]: 保持活跃中！
2023-12-01 16:06:59,711 [INFO]: 活跃保持已关闭
2023-12-01 16:08:43,164 [INFO]: 参数设置成功！
2023-12-01 16:08:43,165 [INFO]: 活跃保持已开启
2023-12-01 16:08:43,232 [INFO]: 保持活跃中！
2023-12-01 16:08:48,235 [INFO]: 活跃保持已关闭
2023-12-01 16:09:02,686 [INFO]: 参数设置成功！
2023-12-01 16:09:02,687 [INFO]: 活跃保持已开启
2023-12-01 16:09:02,754 [INFO]: 保持活跃中！
2023-12-01 16:09:06,755 [INFO]: 活跃保持已关闭
2023-12-01 16:09:49,443 [INFO]: 参数设置成功！
2023-12-01 16:09:49,444 [INFO]: 活跃保持已开启
2023-12-01 16:09:49,504 [INFO]: 保持活跃中！
2023-12-01 16:09:55,507 [INFO]: 活跃保持已关闭
2023-12-01 16:12:05,832 [INFO]: 参数设置成功！
2023-12-01 16:12:05,834 [INFO]: 活跃保持已开启
2023-12-01 16:12:05,922 [INFO]: 保持活跃中！
2023-12-01 16:12:15,926 [INFO]: 活跃保持已关闭
2023-12-01 16:22:04,621 [INFO]: 参数设置成功！
2023-12-01 16:22:04,624 [INFO]: 活跃保持已开启
2023-12-01 16:22:04,705 [INFO]: 保持活跃中！
2023-12-01 16:23:54,751 [INFO]: 活跃保持已关闭
2023-12-01 16:24:01,057 [INFO]: 参数设置成功！
2023-12-01 16:24:01,058 [INFO]: 活跃保持已开启
2023-12-01 16:24:01,132 [INFO]: 保持活跃中！
2023-12-01 16:24:19,139 [INFO]: 活跃保持已关闭
2023-12-01 16:24:22,554 [INFO]: 参数设置成功！
2023-12-01 16:24:22,555 [INFO]: 活跃保持已开启
2023-12-01 16:24:22,626 [INFO]: 保持活跃中！
2023-12-01 16:25:01,642 [INFO]: 活跃保持已关闭
2023-12-01 16:26:22,441 [INFO]: 参数设置成功！
2023-12-01 16:26:22,442 [INFO]: 活跃保持已开启
2023-12-01 16:26:22,511 [INFO]: 保持活跃中！
2023-12-01 16:27:36,537 [INFO]: 活跃保持已关闭
